Sending to: shadrackmutua340@gmail.com
Code: 569990
Headers: From: BodyLift <no-reply@yourdomain.com>
Reply-To: no-reply@yourdomain.com
Content-Type: text/plain; charset=UTF-8

Sending to: shadrackmutua340@gmail.com
Code: 581614
Headers: From: BodyLift <no-reply@yourdomain.com>
Reply-To: no-reply@yourdomain.com
Content-Type: text/plain; charset=UTF-8

Sending to: shadrackmutua340@gmail.com
Code: 268719
Headers: From: BodyLift <no-reply@yourdomain.com>
Reply-To: no-reply@yourdomain.com
Content-Type: text/plain; charset=UTF-8

Sending to: shadrackmutua340@gmail.com
Code: 249075
Headers: From: BodyLift <no-reply@yourdomain.com>
Reply-To: no-reply@yourdomain.com
Content-Type: text/plain; charset=UTF-8

Sending to: shadrackmutua340@gmail.com
Code: 532880
Headers: From: BodyLift <no-reply@yourdomain.com>
Reply-To: no-reply@yourdomain.com
Content-Type: text/plain; charset=UTF-8

